Flutter crash report.
Please report a bug at https://github.com/flutter/flutter/issues.

## command

flutter create --org com.relaxedlivingvalet mobile_fixed

## exception

_TypeError: Null check operator used on a null value

```
#0      MaterialFonts.updateInner (package:flutter_tools/src/flutter_cache.dart:151:49)
#1      CachedArtifact.update (package:flutter_tools/src/cache.dart:891:11)
#2      Cache.updateAll (package:flutter_tools/src/cache.dart:761:24)
<asynchronous suspension>
#3      FlutterCommand.verifyThenRunCommand (package:flutter_tools/src/runner/flutter_command.dart:1905:7)
<asynchronous suspension>
#4      FlutterCommand.run.<anonymous closure> (package:flutter_tools/src/runner/flutter_command.dart:1590:27)
<asynchronous suspension>
#5      AppContext.run.<anonymous closure> (package:flutter_tools/src/base/context.dart:154:19)
<asynchronous suspension>
#6      CommandRunner.runCommand (package:args/command_runner.dart:212:13)
<asynchronous suspension>
#7      FlutterCommandRunner.runCommand.<anonymous closure> (package:flutter_tools/src/runner/flutter_command_runner.dart:496:9)
<asynchronous suspension>
#8      AppContext.run.<anonymous closure> (package:flutter_tools/src/base/context.dart:154:19)
<asynchronous suspension>
#9      FlutterCommandRunner.runCommand (package:flutter_tools/src/runner/flutter_command_runner.dart:431:5)
<asynchronous suspension>
#10     FlutterCommandRunner.run.<anonymous closure> (package:flutter_tools/src/runner/flutter_command_runner.dart:307:33)
<asynchronous suspension>
#11     run.<anonymous closure>.<anonymous closure> (package:flutter_tools/runner.dart:104:11)
<asynchronous suspension>
#12     AppContext.run.<anonymous closure> (package:flutter_tools/src/base/context.dart:154:19)
<asynchronous suspension>
#13     main (package:flutter_tools/executable.dart:103:3)
<asynchronous suspension>
```

## flutter doctor

```
[✓] Flutter (Channel stable, 3.41.7, on Microsoft Windows [Version 10.0.26200.8246], locale en-US) [119ms]
    • Flutter version 3.41.7 on channel stable at C:\flutter\flutter
    • Upstream repository https://github.com/flutter/flutter.git
    • Framework revision cc0734ac71 (4 days ago), 2026-04-15 21:21:08 -0700
    • Engine revision 59aa584fdf
    • Dart version 3.11.5
    • DevTools version 2.54.2
    • Feature flags: enable-web, enable-linux-desktop, enable-macos-desktop, enable-windows-desktop, enable-android, enable-ios, cli-animations, enable-native-assets, omit-legacy-version-file, enable-lldb-debugging, enable-uiscene-migration

[✓] Windows Version (Windows 11 or higher, 25H2, 2009) [397ms]

[✗] Android toolchain - develop for Android devices [12ms]
    ✗ Unable to locate Android SDK.
      Install Android Studio from: https://developer.android.com/studio/index.html
      On first launch it will assist you in installing the Android SDK components.
      (or visit https://flutter.dev/to/windows-android-setup for detailed instructions).
      If the Android SDK has been installed to a custom location, please use
      `flutter config --android-sdk` to update to that location.


[✗] Chrome - develop for the web (Cannot find Chrome executable at .\Google\Chrome\Application\chrome.exe) [6ms]
    ! Cannot find Chrome. Try setting CHROME_EXECUTABLE to a Chrome executable.

[✗] Visual Studio - develop Windows apps [5ms]
    ✗ Visual Studio not installed; this is necessary to develop Windows apps.
      Download at https://visualstudio.microsoft.com/downloads/.
      Please install the "Desktop development with C++" workload, including all of its default components

[✓] Connected device (2 available) [34ms]
    • Windows (desktop) • windows • windows-x64    • Microsoft Windows [Version 10.0.26200.8246]
    • Edge (web)        • edge    • web-javascript • Microsoft Edge 147.0.3912.60

[✓] Network resources [125ms]
    • All expected network resources are available.

! Doctor found issues in 3 categories.
```
